08:10:38.076 [main] INFO  api.test.UserTests - ********** Creating user  ***************
08:10:42.723 [main] INFO  api.test.UserTests - **********User is creatged  ***************
08:10:42.765 [main] INFO  api.test.UserTests - ********** Reading User Info ***************
08:10:44.063 [main] INFO  api.test.UserTests - **********User info  is displayed ***************
08:10:44.088 [main] INFO  api.test.UserTests - ********** Updating User ***************
08:10:45.327 [main] INFO  api.test.UserTests - ********** User updated ***************
08:10:46.608 [main] INFO  api.test.UserTests - **********   Deleting User  ***************
08:10:47.826 [main] INFO  api.test.UserTests - ********** User deleted ***************
08:11:56.752 [main] INFO  api.test.UserTests - ********** Creating user  ***************
08:12:01.470 [main] INFO  api.test.UserTests - **********User is creatged  ***************
08:12:01.506 [main] INFO  api.test.UserTests - ********** Reading User Info ***************
08:12:02.838 [main] INFO  api.test.UserTests - **********User info  is displayed ***************
08:12:02.864 [main] INFO  api.test.UserTests - ********** Updating User ***************
08:12:04.117 [main] INFO  api.test.UserTests - ********** User updated ***************
08:12:05.405 [main] INFO  api.test.UserTests - **********   Deleting User  ***************
08:12:06.604 [main] INFO  api.test.UserTests - ********** User deleted ***************
08:13:05.509 [main] INFO  api.test.UserTests - ********** Creating user  ***************
08:13:10.095 [main] INFO  api.test.UserTests - **********User is creatged  ***************
08:13:10.139 [main] INFO  api.test.UserTests - ********** Reading User Info ***************
08:13:11.464 [main] INFO  api.test.UserTests - **********User info  is displayed ***************
08:13:11.481 [main] INFO  api.test.UserTests - ********** Updating User ***************
08:13:12.748 [main] INFO  api.test.UserTests - ********** User updated ***************
08:13:13.990 [main] INFO  api.test.UserTests - **********   Deleting User  ***************
08:13:15.359 [main] INFO  api.test.UserTests - ********** User deleted ***************
08:14:05.816 [main] DEBUG api.test.UserTests - debugging.....
08:14:05.841 [main] INFO  api.test.UserTests - ********** Creating user  ***************
08:14:10.248 [main] INFO  api.test.UserTests - **********User is creatged  ***************
08:14:10.284 [main] INFO  api.test.UserTests - ********** Reading User Info ***************
08:14:11.592 [main] INFO  api.test.UserTests - **********User info  is displayed ***************
08:14:11.626 [main] INFO  api.test.UserTests - ********** Updating User ***************
08:14:12.876 [main] INFO  api.test.UserTests - ********** User updated ***************
08:14:14.128 [main] INFO  api.test.UserTests - **********   Deleting User  ***************
08:14:15.320 [main] INFO  api.test.UserTests - ********** User deleted ***************
